#
# There is insufficient memory for the Java Runtime Environment to continue.
# Native memory allocation (mmap) failed to map 132120576 bytes for G1 virtual space
# Possible reasons:
#   The system is out of physical RAM or swap space
#   The process is running with CompressedOops enabled, and the Java Heap may be blocking the growth of the native heap
# Possible solutions:
#   Reduce memory load on the system
#   Increase physical memory or swap space
#   Check if swap backing store is full
#   Decrease Java heap size (-Xmx/-Xms)
#   Decrease number of Java threads
#   Decrease Java thread stack sizes (-Xss)
#   Set larger code cache with -XX:ReservedCodeCacheSize=
#   JVM is running with Unscaled Compressed Oops mode in which the Java heap is
#     placed in the first 4GB address space. The Java Heap base address is the
#     maximum limit for the native heap growth. Please use -XX:HeapBaseMinAddress
#     to set the Java Heap base and to place the Java Heap above 4GB virtual address.
# This output file may be truncated or incomplete.
#
#  Out of Memory Error (os_windows.cpp:3613), pid=10996, tid=6848
#
# JRE version:  (17.0.10+7) (build )
# Java VM: OpenJDK 64-Bit Server VM (17.0.10+7, mixed mode, emulated-client, sharing, tiered, compressed oops, compressed class ptrs, g1 gc, windows-amd64)
# No core dump will be written. Minidumps are not enabled by default on client versions of Windows
#

---------------  S U M M A R Y ------------

Command Line: -XX:TieredStopAtLevel=1 -Dspring.output.ansi.enabled=always -Dcom.sun.management.jmxremote -Dspring.jmx.enabled=true -Dspring.liveBeansView.mbeanDomain -Dspring.application.admin.enabled=true -Dmanagement.endpoints.jmx.exposure.include=* -javaagent:C:\Program Files\JetBrains\IntelliJ IDEA 2023.1.3\lib\idea_rt.jar=64140:C:\Program Files\JetBrains\IntelliJ IDEA 2023.1.3\bin -Dfile.encoding=UTF-8 com.knf.dev.demo.crudapplication.CrudapplicationApplication

Host: Intel(R) Celeron(R) N5100 @ 1.10GHz, 4 cores, 7G,  Windows 10 , 64 bit Build 19041 (10.0.19041.3636)
Time: Tue Mar 26 21:06:11 2024 RTZ 2 (s 10 , 64 bit Build 19041 (10.0.19041.3636) elapsed time: 0.029102 seconds (0d 0h 0m 0s)

---------------  T H R E A D  ---------------

Current thread (0x0000017adbc8a2f0):  JavaThread "Unknown thread" [_thread_in_vm, id=6848, stack(0x0000001114d00000,0x0000001114e00000)]

Stack: [0x0000001114d00000,0x0000001114e00000]
Native frames: (J=compiled Java code, j=interpreted, Vv=VM code, C=native code)
V  [jvm.dll+0x67d2c9]
V  [jvm.dll+0x834afa]
V  [jvm.dll+0x8365be]
V  [jvm.dll+0x836c23]
V  [jvm.dll+0x2477ff]
V  [jvm.dll+0x67a109]
V  [jvm.dll+0x66eb7a]
V  [jvm.dll+0x30764b]
V  [jvm.dll+0x30eaf6]
V  [jvm.dll+0x35e83e]
V  [jvm.dll+0x35ea6f]
V  [jvm.dll+0x2de248]
V  [jvm.dll+0x2df1b4]
V  [jvm.dll+0x806361]
V  [jvm.dll+0x36c6f1]
V  [jvm.dll+0x7e4e06]
V  [jvm.dll+0x3eff3f]
V  [jvm.dll+0x3f1b71]
C  [jli.dll+0x528f]
C  [ucrtbase.dll+0x21bb2]
C  [KERNEL32.DLL+0x17344]
C  [ntdll.dll+0x526b1]


---------------  P R O C E S S  ---------------

Threads class SMR info:
_java_thread_list=0x00007ffd546cee98, length=0, elements={
}

Java Threads: ( => current thread )

Other Threads:
  0x0000017adbce1400 GCTaskThread "GC Thread#0" [stack: 0x0000001114e00000,0x0000001114f00000] [id=2952]
  0x0000017ad9bedda0 ConcurrentGCThread "G1 Main Marker" [stack: 0x0000001114f00000,0x0000001115000000] [id=11924]
  0x0000017ad9bee7c0 ConcurrentGCThread "G1 Conc#0" [stack: 0x0000001115000000,0x0000001115100000] [id=8424]

[error occurred during error reporting (printing all threads), id 0xc0000005, EXCEPTION_ACCESS_VIOLATION (0xc0000005) at pc=0x00007ffd53e8ec87]

VM state: not at safepoint (not fully initialized)

VM Mutex/Monitor currently owned by a thread:  ([mutex/lock_event])
[0x0000017adbc85030] Heap_lock - owner thread: 0x0000017adbc8a2f0

Heap address: 0x0000000083e00000, size: 1986 MB, Compressed Oops mode: 32-bit

CDS archive(s) mapped at: [0x0000000000000000-0x0000000000000000-0x0000000000000000), size 0, SharedBaseAddress: 0x0000000800000000, ArchiveRelocationMode: 1.
Narrow klass base: 0x0000000000000000, Narrow klass shift: 0, Narrow klass range: 0x0

GC Precious Log:
<Empty>

Heap:
 garbage-first heap   total 0K, used 0K [0x0000000083e00000, 0x0000000100000000)
  region size 1024K, 0 young (0K), 0 survivors (0K)

[error occurred during error reporting (printing heap information), id 0xc0000005, EXCEPTION_ACCESS_VIOLATION (0xc0000005) at pc=0x00007ffd54276fb9]

GC Heap History (0 events):
No events

Dll operation events (1 events):
Event: 0.018 Loaded shared library C:\Users\Раиль\.jdks\temurin-17.0.10\bin\java.dll

Deoptimization events (0 events):
No events

Classes unloaded (0 events):
No events

Classes redefined (0 events):
No events

Internal exceptions (0 events):
No events

VM Operations (0 events):
No events

Events (0 events):
No events


Dynamic libraries:
0x00007ff6b8dd0000 - 0x00007ff6b8dde000 	C:\Users\Раиль\.jdks\temurin-17.0.10\bin\java.exe
0x00007ffd97b30000 - 0x00007ffd97d28000 	C:\Windows\SYSTEM32\ntdll.dll
0x00007ffd974b0000 - 0x00007ffd9756d000 	C:\Windows\System32\KERNEL32.DLL
0x00007ffd95330000 - 0x00007ffd95626000 	C:\Windows\System32\KERNELBASE.dll
0x00007ffd95760000 - 0x00007ffd95860000 	C:\Windows\System32\ucrtbase.dll
0x00007ffd8d480000 - 0x00007ffd8d497000 	C:\Users\Раиль\.jdks\temurin-17.0.10\bin\jli.dll
0x00007ffd96a60000 - 0x00007ffd96bfe000 	C:\Windows\System32\USER32.dll
0x00007ffd95a50000 - 0x00007ffd95a72000 	C:\Windows\System32\win32u.dll
0x00007ffd97090000 - 0x00007ffd970bc000 	C:\Windows\System32\GDI32.dll
0x00007ffd95210000 - 0x00007ffd9532a000 	C:\Windows\System32\gdi32full.dll
0x00007ffd95af0000 - 0x00007ffd95b8d000 	C:\Windows\System32\msvcp_win.dll
0x00007ffd7fa90000 - 0x00007ffd7faab000 	C:\Users\Раиль\.jdks\temurin-17.0.10\bin\VCRUNTIME140.dll
0x00007ffd79c70000 - 0x00007ffd79f0a000 	C:\Windows\WinSxS\amd64_microsoft.windows.common-controls_6595b64144ccf1df_6.0.19041.3636_none_60b6a03d71f818d5\COMCTL32.dll
0x00007ffd97a50000 - 0x00007ffd97aee000 	C:\Windows\System32\msvcrt.dll
0x00007ffd966f0000 - 0x00007ffd96720000 	C:\Windows\System32\IMM32.DLL
0x00007ffd8eb50000 - 0x00007ffd8eb5c000 	C:\Users\Раиль\.jdks\temurin-17.0.10\bin\vcruntime140_1.dll
0x00007ffd785e0000 - 0x00007ffd7866d000 	C:\Users\Раиль\.jdks\temurin-17.0.10\bin\msvcp140.dll
0x00007ffd53ba0000 - 0x00007ffd54802000 	C:\Users\Раиль\.jdks\temurin-17.0.10\bin\server\jvm.dll
0x00007ffd95b90000 - 0x00007ffd95c3f000 	C:\Windows\System32\ADVAPI32.dll
0x00007ffd96f90000 - 0x00007ffd9702c000 	C:\Windows\System32\sechost.dll
0x00007ffd968b0000 - 0x00007ffd969d6000 	C:\Windows\System32\RPCRT4.dll
0x00007ffd94fc0000 - 0x00007ffd9500b000 	C:\Windows\SYSTEM32\POWRPROF.dll
0x00007ffd7b270000 - 0x00007ffd7b279000 	C:\Windows\SYSTEM32\WSOCK32.dll
0x00007ffd971d0000 - 0x00007ffd9723b000 	C:\Windows\System32\WS2_32.dll
0x00007ffd7ce80000 - 0x00007ffd7cea7000 	C:\Windows\SYSTEM32\WINMM.dll
0x00007ffd8d8c0000 - 0x00007ffd8d8ca000 	C:\Windows\SYSTEM32\VERSION.dll
0x00007ffd94fa0000 - 0x00007ffd94fb2000 	C:\Windows\SYSTEM32\UMPDC.dll
0x00007ffd93a20000 - 0x00007ffd93a32000 	C:\Windows\SYSTEM32\kernel.appcore.dll
0x00007ffd8e1e0000 - 0x00007ffd8e1ea000 	C:\Users\Раиль\.jdks\temurin-17.0.10\bin\jimage.dll
0x00007ffd92f80000 - 0x00007ffd93164000 	C:\Windows\SYSTEM32\DBGHELP.DLL
0x00007ffd8e220000 - 0x00007ffd8e254000 	C:\Windows\SYSTEM32\dbgcore.DLL
0x00007ffd95860000 - 0x00007ffd958e2000 	C:\Windows\System32\bcryptPrimitives.dll
0x00007ffd8e1c0000 - 0x00007ffd8e1ce000 	C:\Users\Раиль\.jdks\temurin-17.0.10\bin\instrument.dll
0x00007ffd7f700000 - 0x00007ffd7f725000 	C:\Users\Раиль\.jdks\temurin-17.0.10\bin\java.dll

dbghelp: loaded successfully - version: 4.0.5 - missing functions: none
symbol engine: initialized successfully - sym options: 0x614 - pdb path: .;C:\Users\Раиль\.jdks\temurin-17.0.10\bin;C:\Windows\SYSTEM32;C:\Windows\WinSxS\amd64_microsoft.windows.common-controls_6595b64144ccf1df_6.0.19041.3636_none_60b6a03d71f818d5;C:\Users\Раиль\.jdks\temurin-17.0.10\bin\server

VM Arguments:
jvm_args: -XX:TieredStopAtLevel=1 -Dspring.output.ansi.enabled=always -Dcom.sun.management.jmxremote -Dspring.jmx.enabled=true -Dspring.liveBeansView.mbeanDomain -Dspring.application.admin.enabled=true -Dmanagement.endpoints.jmx.exposure.include=* -javaagent:C:\Program Files\JetBrains\IntelliJ IDEA 2023.1.3\lib\idea_rt.jar=64140:C:\Program Files\JetBrains\IntelliJ IDEA 2023.1.3\bin -Dfile.encoding=UTF-8 
java_command: com.knf.dev.demo.crudapplication.CrudapplicationApplication
java_class_path (initial): C:\Users\Раиль\IdeaProjects\crudapplication\target\classes;C:\Users\Раиль\.m2\repository\org\springframework\boot\spring-boot-starter-web\3.2.3\spring-boot-starter-web-3.2.3.jar;C:\Users\Раиль\.m2\repository\org\springframework\boot\spring-boot-starter\3.2.3\spring-boot-starter-3.2.3.jar;C:\Users\Раиль\.m2\repository\org\springframework\boot\spring-boot\3.2.3\spring-boot-3.2.3.jar;C:\Users\Раиль\.m2\repository\org\springframework\boot\spring-boot-autoconfigure\3.2.3\spring-boot-autoconfigure-3.2.3.jar;C:\Users\Раиль\.m2\repository\org\springframework\boot\spring-boot-starter-logging\3.2.3\spring-boot-starter-logging-3.2.3.jar;C:\Users\Раиль\.m2\repository\ch\qos\logback\logback-classic\1.4.14\logback-classic-1.4.14.jar;C:\Users\Раиль\.m2\repository\ch\qos\logback\logback-core\1.4.14\logback-core-1.4.14.jar;C:\Users\Раиль\.m2\repository\org\apache\logging\log4j\log4j-to-slf4j\2.21.1\log4j-to-slf4j-2.21.1.jar;C:\Users\Раиль\.m2\repository\org\apache\logging\log4j\log4j-api\2.21.1\log4j-api-2.21.1.jar;C:\Users\Раиль\.m2\repository\org\slf4j\jul-to-slf4j\2.0.12\jul-to-slf4j-2.0.12.jar;C:\Users\Раиль\.m2\repository\jakarta\annotation\jakarta.annotation-api\2.1.1\jakarta.annotation-api-2.1.1.jar;C:\Users\Раиль\.m2\repository\org\yaml\snakeyaml\2.2\snakeyaml-2.2.jar;C:\Users\Раиль\.m2\repository\org\springframework\boot\spring-boot-starter-json\3.2.3\spring-boot-starter-json-3.2.3.jar;C:\Users\Раиль\.m2\repository\com\fasterxml\jackson\core\jackson-databind\2.15.4\jackson-databind-2.15.4.jar;C:\Users\Раиль\.m2\repository\com\fasterxml\jackson\core\jackson-annotations\2.15.4\jackson-annotations-2.15.4.jar;C:\Users\Раиль\.m2\repository\com\fasterxml\jackson\core\jackson-core\2.15.4\jackson-core-2.15.4.jar;C:\Users\Раиль\.m2\repository\com\fasterxml\jackson\datatype\jackson-datatype-jdk8\2.15.4\jackson-datatype-jdk8-2.15.4.jar;C:\Users\Раиль\.m2\repository\com\fasterxml\jackson\datatype\jackson-datatype-jsr310\2.15.4\jackson-datatype-jsr310-2.15.4
Launcher Type: SUN_STANDARD

[Global flags]
     intx CICompilerCount                          = 3                                         {product} {ergonomic}
     uint ConcGCThreads                            = 1                                         {product} {ergonomic}
     uint G1ConcRefinementThreads                  = 4                                         {product} {ergonomic}
   size_t G1HeapRegionSize                         = 1048576                                   {product} {ergonomic}
    uintx GCDrainStackTargetSize                   = 64                                        {product} {ergonomic}
   size_t InitialHeapSize                          = 132120576                                 {product} {ergonomic}
     bool ManagementServer                         = true                                      {product} {command line}
   size_t MarkStackSize                            = 4194304                                   {product} {ergonomic}
   size_t MaxHeapSize                              = 2082471936                                {product} {ergonomic}
   size_t MinHeapDeltaBytes                        = 1048576                                   {product} {ergonomic}
   size_t MinHeapSize                              = 8388608                                   {product} {ergonomic}
    uintx NonProfiledCodeHeapSize                  = 0                                      {pd product} {ergonomic}
     bool ProfileInterpreter                       = false                                  {pd product} {command line}
    uintx ProfiledCodeHeapSize                     = 0                                      {pd product} {ergonomic}
   size_t SoftMaxHeapSize                          = 2082471936                             {manageable} {ergonomic}
     intx TieredStopAtLevel                        = 1                                         {product} {command line}
     bool UseCompressedClassPointers               = true                           {product lp64_product} {ergonomic}
     bool UseCompressedOops                        = true                           {product lp64_product} {ergonomic}
     bool UseG1GC                                  = true                                      {product} {ergonomic}
     bool UseLargePagesIndividualAllocation        = false                                  {pd product} {ergonomic}

Logging:
Log output configuration:
 #0: stdout all=warning uptime,level,tags
 #1: stderr all=off uptime,level,tags

Environment Variables:
JAVA_HOME=C:\Program Files\Eclipse Adoptium\jdk-8.0.402.6-hotspot
PATH=C:\Program Files\Eclipse Adoptium\jdk-8.0.402.6-hotspot\bin;C:\Windows\system32;C:\Windows;C:\Windows\System32\Wbem;C:\Windows\System32\WindowsPowerShell\v1.0\;C:\Windows\System32\OpenSSH\;C:\Program Files\nodejs\;C:\Program Files\Dev\Maven\bin;;C:\Program Files\Docker\Docker\resources\bin;C:\Users\Раиль\AppData\Local\Programs\Python\Launcher\;C:\Users\Раиль\AppData\Local\Microsoft\WindowsApps;C:\Users\Раиль\AppData\Roaming\npm;C:\Program Files\Eclipse Adoptium\jdk-8.0.402.6-hotspot\bin;C:\Users\Раиль\AppData\Local\Programs\Python\Python312\Scripts;
USERNAME=Раиль
OS=Windows_NT
PROCESSOR_IDENTIFIER=Intel64 Family 6 Model 156 Stepping 0, GenuineIntel
TMP=C:\Users\02EC~1\AppData\Local\Temp
TEMP=C:\Users\02EC~1\AppData\Local\Temp



Periodic native trim disabled


---------------  S Y S T E M  ---------------

OS:
 Windows 10 , 64 bit Build 19041 (10.0.19041.3636)
OS uptime: 6 days 4:43 hours
Hyper-V role detected

CPU: total 4 (initial active 4) (4 cores per cpu, 1 threads per core) family 6 model 156 stepping 0 microcode 0x1d, cx8, cmov, fxsr, mmx, 3dnowpref, sse, sse2, sse3, ssse3, sse4.1, sse4.2, popcnt, tsc, tscinvbit, aes, erms, clmul, sha, clflush, clflushopt, clwb, hv
Processor Information for all 4 processors :
  Max Mhz: 1114, Current Mhz: 1114, Mhz Limit: 1114

Memory: 4k page, system-wide physical 7939M (524M free)
TotalPageFile size 32515M (AvailPageFile size 58M)
current process WorkingSet (physical memory assigned to process): 10M, peak: 10M
current process commit charge ("private bytes"): 47M, peak: 172M

vm_info: OpenJDK 64-Bit Server VM (17.0.10+7) for windows-amd64 JRE (17.0.10+7), built on Jan 16 2024 23:25:11 by "admin" with MS VC++ 16.10 / 16.11 (VS2019)

END.
